  test.cpp
test.obj : error LNK2019: ссылка на неразрешенный внешний символ "public: __cdecl TStack::TStack(void)" (??0TStack@@QEAA@XZ) в функции "private: virtual void __cdecl TStack_IsEmpty_WhenEmpty_ShouldReturnTrue_Test::TestBody(void)" (?TestBody@TStack_IsEmpty_WhenEmpty_ShouldReturnTrue_Test@@EEAAXXZ).
test.obj : error LNK2019: ссылка на неразрешенный внешний символ "public: bool __cdecl TStack::IsEmpty(void)const " (?IsEmpty@TStack@@QEBA_NXZ) в функции "private: virtual void __cdecl TStack_IsEmpty_WhenEmpty_ShouldReturnTrue_Test::TestBody(void)" (?TestBody@TStack_IsEmpty_WhenEmpty_ShouldReturnTrue_Test@@EEAAXXZ).
test.obj : error LNK2019: ссылка на неразрешенный внешний символ "public: bool __cdecl TStack::IsFull(void)const " (?IsFull@TStack@@QEBA_NXZ) в функции "private: virtual void __cdecl TStack_IsFull_WhenNotFull_ShouldReturnFalse_Test::TestBody(void)" (?TestBody@TStack_IsFull_WhenNotFull_ShouldReturnFalse_Test@@EEAAXXZ).
test.obj : error LNK2019: ссылка на неразрешенный внешний символ "public: void __cdecl TStack::Put(double const &)" (?Put@TStack@@QEAAXAEBN@Z) в функции "private: virtual void __cdecl TStack_IsEmpty_WhenNotEmpty_ShouldReturnFalse_Test::TestBody(void)" (?TestBody@TStack_IsEmpty_WhenNotEmpty_ShouldReturnFalse_Test@@EEAAXXZ).
test.obj : error LNK2019: ссылка на неразрешенный внешний символ "public: double __cdecl TStack::Peek(void)const " (?Peek@TStack@@QEBANXZ) в функции "private: virtual void __cdecl TStack_Put_WhenNotFull_ShouldPutElement_Test::TestBody(void)" (?TestBody@TStack_Put_WhenNotFull_ShouldPutElement_Test@@EEAAXXZ).
test.obj : error LNK2019: ссылка на неразрешенный внешний символ "public: double __cdecl TStack::Pop(void)" (?Pop@TStack@@QEAANXZ) в функции "private: virtual void __cdecl TStack_Pop_WhenNotEmpty_ShouldRemoveAndReturnTopElement_Test::TestBody(void)" (?TestBody@TStack_Pop_WhenNotEmpty_ShouldRemoveAndReturnTopElement_Test@@EEAAXXZ).
C:\Users\golov\source\repos\Lab_3\Lab-3\build\test\Debug\Lab-3_test.exe : fatal error LNK1120: неразрешенных внешних элементов: 6
